Build started 08-03-2023 4:58:25 PM.
     1>Project "C:\Users\arnavn\Documents\visual studio 2010\Projects\Assignment-9\Assignment-9\Assignment-9.vcxproj" on node 2 (rebuild target(s)).
     1>_PrepareForClean:
         Deleting file "Debug\Assignment-9.lastbuildstate".
       InitializeBuildStatus:
         Creating "Debug\Assignment-9.unsuccessfulbuild" because "AlwaysCreate" was specified.
       ClCompile:
         C:\Program Files (x86)\Microsoft Visual Studio 10.0\VC\bin\CL.exe /c /ZI /nologo /W3 /WX- /Od /Oy- /D WIN32 /D _DEBUG /D _CONSOLE /D _UNICODE /D UNICODE /Gm /EHsc /RTC1 /MDd /GS /fp:precise /Zc:wchar_t /Zc:forScope /Yc"StdAfx.h" /Fp"Debug\Assignment-9.pch" /Fo"Debug\\" /Fd"Debug\vc100.pdb" /Gd /TP /analyze- /errorReport:prompt stdafx.cpp
         stdafx.cpp
         C:\Program Files (x86)\Microsoft Visual Studio 10.0\VC\bin\CL.exe /c /ZI /nologo /W3 /WX- /Od /Oy- /D WIN32 /D _DEBUG /D _CONSOLE /D _UNICODE /D UNICODE /Gm /EHsc /RTC1 /MDd /GS /fp:precise /Zc:wchar_t /Zc:forScope /Yu"StdAfx.h" /Fp"Debug\Assignment-9.pch" /Fo"Debug\\" /Fd"Debug\vc100.pdb" /Gd /TP /analyze- /errorReport:prompt "Assignment-9.cpp" Circle.cpp FileHandling.cpp ItemAndRate.cpp ItemAndRateChart.cpp rectangle.cpp Shape.cpp ShapesInALayout.cpp Triangle.cpp UserInterface.cpp
         UserInterface.cpp
     1>c:\users\arnavn\documents\visual studio 2010\projects\assignment-9\assignment-9\shapesinalayout.h(17): warning C4227: anachronism used : qualifiers on reference are ignored
     1>c:\users\arnavn\documents\visual studio 2010\projects\assignment-9\assignment-9\itemandratechart.h(12): warning C4227: anachronism used : qualifiers on reference are ignored
     1>c:\users\arnavn\documents\visual studio 2010\projects\assignment-9\assignment-9\itemandratechart.h(14): warning C4227: anachronism used : qualifiers on reference are ignored
     1>c:\users\arnavn\documents\visual studio 2010\projects\assignment-9\assignment-9\userinterface.h(25): warning C4227: anachronism used : qualifiers on reference are ignored
     1>c:\users\arnavn\documents\visual studio 2010\projects\assignment-9\assignment-9\userinterface.h(27): warning C4227: anachronism used : qualifiers on reference are ignored
     1>c:\users\arnavn\documents\visual studio 2010\projects\assignment-9\assignment-9\userinterface.h(28): warning C4227: anachronism used : qualifiers on reference are ignored
     1>c:\users\arnavn\documents\visual studio 2010\projects\assignment-9\assignment-9\userinterface.h(34): warning C4227: anachronism used : qualifiers on reference are ignored
     1>c:\users\arnavn\documents\visual studio 2010\projects\assignment-9\assignment-9\userinterface.h(34): warning C4227: anachronism used : qualifiers on reference are ignored
     1>c:\users\arnavn\documents\visual studio 2010\projects\assignment-9\assignment-9\userinterface.cpp(112): warning C4244: '=' : conversion from 'double' to 'float', possible loss of data
     1>c:\users\arnavn\documents\visual studio 2010\projects\assignment-9\assignment-9\userinterface.cpp(122): warning C4227: anachronism used : qualifiers on reference are ignored
     1>c:\users\arnavn\documents\visual studio 2010\projects\assignment-9\assignment-9\userinterface.cpp(128): warning C4227: anachronism used : qualifiers on reference are ignored
     1>c:\users\arnavn\documents\visual studio 2010\projects\assignment-9\assignment-9\userinterface.cpp(143): warning C4244: '=' : conversion from 'float' to 'int', possible loss of data
     1>c:\users\arnavn\documents\visual studio 2010\projects\assignment-9\assignment-9\userinterface.cpp(153): warning C4227: anachronism used : qualifiers on reference are ignored
     1>c:\users\arnavn\documents\visual studio 2010\projects\assignment-9\assignment-9\userinterface.cpp(172): warning C4244: '=' : conversion from 'int' to 'float', possible loss of data
     1>c:\users\arnavn\documents\visual studio 2010\projects\assignment-9\assignment-9\userinterface.cpp(175): warning C4244: '=' : conversion from 'int' to 'float', possible loss of data
     1>c:\users\arnavn\documents\visual studio 2010\projects\assignment-9\assignment-9\userinterface.cpp(194): warning C4244: 'argument' : conversion from 'int' to 'float', possible loss of data
     1>c:\users\arnavn\documents\visual studio 2010\projects\assignment-9\assignment-9\userinterface.cpp(194): warning C4244: 'argument' : conversion from 'int' to 'float', possible loss of data
     1>c:\users\arnavn\documents\visual studio 2010\projects\assignment-9\assignment-9\userinterface.cpp(194): warning C4244: 'argument' : conversion from 'int' to 'float', possible loss of data
     1>c:\users\arnavn\documents\visual studio 2010\projects\assignment-9\assignment-9\userinterface.cpp(206): warning C4244: 'argument' : conversion from 'int' to 'float', possible loss of data
     1>c:\users\arnavn\documents\visual studio 2010\projects\assignment-9\assignment-9\userinterface.cpp(212): warning C4227: anachronism used : qualifiers on reference are ignored
     1>c:\users\arnavn\documents\visual studio 2010\projects\assignment-9\assignment-9\userinterface.cpp(212): warning C4227: anachronism used : qualifiers on reference are ignored
         Triangle.cpp
     1>c:\users\arnavn\documents\visual studio 2010\projects\assignment-9\assignment-9\triangle.cpp(16): warning C4244: 'initializing' : conversion from 'double' to 'float', possible loss of data
         ShapesInALayout.cpp
     1>c:\users\arnavn\documents\visual studio 2010\projects\assignment-9\assignment-9\shapesinalayout.h(17): warning C4227: anachronism used : qualifiers on reference are ignored
     1>c:\users\arnavn\documents\visual studio 2010\projects\assignment-9\assignment-9\itemandratechart.h(12): warning C4227: anachronism used : qualifiers on reference are ignored
     1>c:\users\arnavn\documents\visual studio 2010\projects\assignment-9\assignment-9\itemandratechart.h(14): warning C4227: anachronism used : qualifiers on reference are ignored
     1>c:\users\arnavn\documents\visual studio 2010\projects\assignment-9\assignment-9\filehandling.h(12): warning C4227: anachronism used : qualifiers on reference are ignored
     1>c:\users\arnavn\documents\visual studio 2010\projects\assignment-9\assignment-9\filehandling.h(15): warning C4227: anachronism used : qualifiers on reference are ignored
     1>c:\users\arnavn\documents\visual studio 2010\projects\assignment-9\assignment-9\shapesinalayout.cpp(25): warning C4227: anachronism used : qualifiers on reference are ignored
         Shape.cpp
         rectangle.cpp
     1>c:\users\arnavn\documents\visual studio 2010\projects\assignment-9\assignment-9\rectangle.cpp(20): warning C4244: 'return' : conversion from 'double' to 'float', possible loss of data
         ItemAndRateChart.cpp
     1>c:\users\arnavn\documents\visual studio 2010\projects\assignment-9\assignment-9\itemandratechart.h(12): warning C4227: anachronism used : qualifiers on reference are ignored
     1>c:\users\arnavn\documents\visual studio 2010\projects\assignment-9\assignment-9\itemandratechart.h(14): warning C4227: anachronism used : qualifiers on reference are ignored
     1>c:\users\arnavn\documents\visual studio 2010\projects\assignment-9\assignment-9\itemandratechart.cpp(11): warning C4227: anachronism used : qualifiers on reference are ignored
     1>c:\users\arnavn\documents\visual studio 2010\projects\assignment-9\assignment-9\itemandratechart.cpp(23): warning C4227: anachronism used : qualifiers on reference are ignored
         ItemAndRate.cpp
         FileHandling.cpp
     1>c:\users\arnavn\documents\visual studio 2010\projects\assignment-9\assignment-9\shapesinalayout.h(17): warning C4227: anachronism used : qualifiers on reference are ignored
     1>c:\users\arnavn\documents\visual studio 2010\projects\assignment-9\assignment-9\itemandratechart.h(12): warning C4227: anachronism used : qualifiers on reference are ignored
     1>c:\users\arnavn\documents\visual studio 2010\projects\assignment-9\assignment-9\itemandratechart.h(14): warning C4227: anachronism used : qualifiers on reference are ignored
     1>c:\users\arnavn\documents\visual studio 2010\projects\assignment-9\assignment-9\filehandling.h(12): warning C4227: anachronism used : qualifiers on reference are ignored
     1>c:\users\arnavn\documents\visual studio 2010\projects\assignment-9\assignment-9\filehandling.h(15): warning C4227: anachronism used : qualifiers on reference are ignored
     1>c:\users\arnavn\documents\visual studio 2010\projects\assignment-9\assignment-9\filehandling.cpp(13): warning C4227: anachronism used : qualifiers on reference are ignored
     1>c:\users\arnavn\documents\visual studio 2010\projects\assignment-9\assignment-9\filehandling.cpp(43): warning C4244: 'argument' : conversion from 'double' to 'const float', possible loss of data
     1>c:\users\arnavn\documents\visual studio 2010\projects\assignment-9\assignment-9\filehandling.cpp(45): warning C4244: 'argument' : conversion from 'double' to 'const float', possible loss of data
     1>c:\users\arnavn\documents\visual studio 2010\projects\assignment-9\assignment-9\filehandling.cpp(50): warning C4244: 'argument' : conversion from 'double' to 'const float', possible loss of data
     1>c:\users\arnavn\documents\visual studio 2010\projects\assignment-9\assignment-9\filehandling.cpp(61): warning C4227: anachronism used : qualifiers on reference are ignored
     1>c:\users\arnavn\documents\visual studio 2010\projects\assignment-9\assignment-9\filehandling.cpp(84): warning C4244: 'argument' : conversion from 'int' to 'const float', possible loss of data
         Circle.cpp
         Assignment-9.cpp
     1>c:\users\arnavn\documents\visual studio 2010\projects\assignment-9\assignment-9\shapesinalayout.h(17): warning C4227: anachronism used : qualifiers on reference are ignored
     1>c:\users\arnavn\documents\visual studio 2010\projects\assignment-9\assignment-9\itemandratechart.h(12): warning C4227: anachronism used : qualifiers on reference are ignored
     1>c:\users\arnavn\documents\visual studio 2010\projects\assignment-9\assignment-9\itemandratechart.h(14): warning C4227: anachronism used : qualifiers on reference are ignored
     1>c:\users\arnavn\documents\visual studio 2010\projects\assignment-9\assignment-9\userinterface.h(25): warning C4227: anachronism used : qualifiers on reference are ignored
     1>c:\users\arnavn\documents\visual studio 2010\projects\assignment-9\assignment-9\userinterface.h(27): warning C4227: anachronism used : qualifiers on reference are ignored
     1>c:\users\arnavn\documents\visual studio 2010\projects\assignment-9\assignment-9\userinterface.h(28): warning C4227: anachronism used : qualifiers on reference are ignored
     1>c:\users\arnavn\documents\visual studio 2010\projects\assignment-9\assignment-9\userinterface.h(34): warning C4227: anachronism used : qualifiers on reference are ignored
     1>c:\users\arnavn\documents\visual studio 2010\projects\assignment-9\assignment-9\userinterface.h(34): warning C4227: anachronism used : qualifiers on reference are ignored
     1>c:\users\arnavn\documents\visual studio 2010\projects\assignment-9\assignment-9\filehandling.h(12): warning C4227: anachronism used : qualifiers on reference are ignored
     1>c:\users\arnavn\documents\visual studio 2010\projects\assignment-9\assignment-9\filehandling.h(15): warning C4227: anachronism used : qualifiers on reference are ignored
     1>c:\users\arnavn\documents\visual studio 2010\projects\assignment-9\assignment-9\assignment-9.cpp(13): warning C4172: returning address of local variable or temporary
     1>c:\users\arnavn\documents\visual studio 2010\projects\assignment-9\assignment-9\assignment-9.cpp(33): warning C4482: nonstandard extension used: enum 'main::CHOICE' used in qualified name
     1>c:\users\arnavn\documents\visual studio 2010\projects\assignment-9\assignment-9\assignment-9.cpp(40): warning C4482: nonstandard extension used: enum 'main::CHOICE' used in qualified name
     1>c:\users\arnavn\documents\visual studio 2010\projects\assignment-9\assignment-9\assignment-9.cpp(53): warning C4482: nonstandard extension used: enum 'main::CHOICE' used in qualified name
     1>c:\users\arnavn\documents\visual studio 2010\projects\assignment-9\assignment-9\assignment-9.cpp(65): warning C4482: nonstandard extension used: enum 'main::CHOICE' used in qualified name
     1>c:\users\arnavn\documents\visual studio 2010\projects\assignment-9\assignment-9\assignment-9.cpp(72): warning C4482: nonstandard extension used: enum 'main::CHOICE' used in qualified name
     1>c:\users\arnavn\documents\visual studio 2010\projects\assignment-9\assignment-9\assignment-9.cpp(80): warning C4482: nonstandard extension used: enum 'main::SHAPE' used in qualified name
     1>c:\users\arnavn\documents\visual studio 2010\projects\assignment-9\assignment-9\assignment-9.cpp(90): warning C4482: nonstandard extension used: enum 'main::SHAPE' used in qualified name
     1>c:\users\arnavn\documents\visual studio 2010\projects\assignment-9\assignment-9\assignment-9.cpp(100): warning C4482: nonstandard extension used: enum 'main::SHAPE' used in qualified name
     1>c:\users\arnavn\documents\visual studio 2010\projects\assignment-9\assignment-9\assignment-9.cpp(120): warning C4482: nonstandard extension used: enum 'main::CHOICE' used in qualified name
     1>c:\users\arnavn\documents\visual studio 2010\projects\assignment-9\assignment-9\assignment-9.cpp(132): warning C4482: nonstandard extension used: enum 'main::CHOICE' used in qualified name
     1>c:\users\arnavn\documents\visual studio 2010\projects\assignment-9\assignment-9\assignment-9.cpp(141): warning C4482: nonstandard extension used: enum 'main::CHOICE' used in qualified name
         Generating Code...
     1>c:\users\arnavn\documents\visual studio 2010\projects\assignment-9\assignment-9\userinterface.cpp(222): warning C4715: 'UserInterface::CostCalculator' : not all control paths return a value
       ManifestResourceCompile:
         C:\Program Files (x86)\Microsoft SDKs\Windows\v7.0A\bin\rc.exe /nologo /fo"Debug\Assignment-9.exe.embed.manifest.res" Debug\Assignment-9_manifest.rc 
       Link:
         C:\Program Files (x86)\Microsoft Visual Studio 10.0\VC\bin\link.exe /ERRORREPORT:PROMPT /OUT:"C:\Users\arnavn\Documents\visual studio 2010\Projects\Assignment-9\Debug\Assignment-9.exe" /INCREMENTAL /NOLOGO kernel32.lib user32.lib gdi32.lib winspool.lib comdlg32.lib advapi32.lib shell32.lib ole32.lib oleaut32.lib uuid.lib odbc32.lib odbccp32.lib /MANIFEST /ManifestFile:"Debug\Assignment-9.exe.intermediate.manifest" /MANIFESTUAC:"level='asInvoker' uiAccess='false'" /DEBUG /PDB:"C:\Users\arnavn\Documents\visual studio 2010\Projects\Assignment-9\Debug\Assignment-9.pdb" /SUBSYSTEM:CONSOLE /TLBID:1 /DYNAMICBASE /NXCOMPAT /IMPLIB:"C:\Users\arnavn\Documents\visual studio 2010\Projects\Assignment-9\Debug\Assignment-9.lib" /MACHINE:X86 "Debug\Assignment-9.exe.embed.manifest.res"
         "Debug\Assignment-9.obj"
         Debug\Circle.obj
         Debug\FileHandling.obj
         Debug\ItemAndRate.obj
         Debug\ItemAndRateChart.obj
         Debug\rectangle.obj
         Debug\Shape.obj
         Debug\ShapesInALayout.obj
         Debug\stdafx.obj
         Debug\Triangle.obj
         Debug\UserInterface.obj
       Manifest:
         Deleting file "Debug\Assignment-9.exe.embed.manifest".
         C:\Program Files (x86)\Microsoft SDKs\Windows\v7.0A\bin\mt.exe /nologo /verbose /out:"Debug\Assignment-9.exe.embed.manifest" /manifest "Debug\Assignment-9.exe.intermediate.manifest"
         C:\Program Files (x86)\Microsoft SDKs\Windows\v7.0A\bin\rc.exe /nologo /fo"Debug\Assignment-9.exe.embed.manifest.res" Debug\Assignment-9_manifest.rc 
       LinkEmbedManifest:
         C:\Program Files (x86)\Microsoft Visual Studio 10.0\VC\bin\link.exe /ERRORREPORT:PROMPT /OUT:"C:\Users\arnavn\Documents\visual studio 2010\Projects\Assignment-9\Debug\Assignment-9.exe" /INCREMENTAL /NOLOGO kernel32.lib user32.lib gdi32.lib winspool.lib comdlg32.lib advapi32.lib shell32.lib ole32.lib oleaut32.lib uuid.lib odbc32.lib odbccp32.lib /MANIFEST /ManifestFile:"Debug\Assignment-9.exe.intermediate.manifest" /MANIFESTUAC:"level='asInvoker' uiAccess='false'" /DEBUG /PDB:"C:\Users\arnavn\Documents\visual studio 2010\Projects\Assignment-9\Debug\Assignment-9.pdb" /SUBSYSTEM:CONSOLE /TLBID:1 /DYNAMICBASE /NXCOMPAT /IMPLIB:"C:\Users\arnavn\Documents\visual studio 2010\Projects\Assignment-9\Debug\Assignment-9.lib" /MACHINE:X86 "Debug\Assignment-9.exe.embed.manifest.res"
         "Debug\Assignment-9.obj"
         Debug\Circle.obj
         Debug\FileHandling.obj
         Debug\ItemAndRate.obj
         Debug\ItemAndRateChart.obj
         Debug\rectangle.obj
         Debug\Shape.obj
         Debug\ShapesInALayout.obj
         Debug\stdafx.obj
         Debug\Triangle.obj
         Debug\UserInterface.obj
         Assignment-9.vcxproj -> C:\Users\arnavn\Documents\visual studio 2010\Projects\Assignment-9\Debug\Assignment-9.exe
       FinalizeBuildStatus:
         Deleting file "Debug\Assignment-9.unsuccessfulbuild".
         Touching "Debug\Assignment-9.lastbuildstate".
     1>Done Building Project "C:\Users\arnavn\Documents\visual studio 2010\Projects\Assignment-9\Assignment-9\Assignment-9.vcxproj" (rebuild target(s)).

Build succeeded.

Time Elapsed 00:00:03.24
