C:\USERS\ARNAVN\DOCUMENTS\VISUAL STUDIO 2010\PROJECTS\ASSIGNMENT-9\ASSIGNMENT-9\DEBUG\ASSIGNMENT-9.EXE.EMBED.MANIFEST
C:\USERS\ARNAVN\DOCUMENTS\VISUAL STUDIO 2010\PROJECTS\ASSIGNMENT-9\ASSIGNMENT-9\DEBUG\ASSIGNMENT-9.EXE.EMBED.MANIFEST.RES
C:\USERS\ARNAVN\DOCUMENTS\VISUAL STUDIO 2010\PROJECTS\ASSIGNMENT-9\ASSIGNMENT-9\DEBUG\ASSIGNMENT-9.EXE.INTERMEDIATE.MANIFEST
C:\USERS\ARNAVN\DOCUMENTS\VISUAL STUDIO 2010\PROJECTS\ASSIGNMENT-9\ASSIGNMENT-9\DEBUG\ASSIGNMENT-9.OBJ
C:\USERS\ARNAVN\DOCUMENTS\VISUAL STUDIO 2010\PROJECTS\ASSIGNMENT-9\ASSIGNMENT-9\DEBUG\ASSIGNMENT-9.PCH
C:\Users\arnavn\Documents\visual studio 2010\Projects\Assignment-9\Assignment-9\Debug\Assignment-9.write.1.tlog
C:\Users\arnavn\Documents\visual studio 2010\Projects\Assignment-9\Assignment-9\Debug\Assignment-9_manifest.rc
C:\USERS\ARNAVN\DOCUMENTS\VISUAL STUDIO 2010\PROJECTS\ASSIGNMENT-9\ASSIGNMENT-9\DEBUG\CIRCLE.OBJ
C:\Users\arnavn\Documents\visual studio 2010\Projects\Assignment-9\Assignment-9\Debug\cl.command.1.tlog
C:\Users\arnavn\Documents\visual studio 2010\Projects\Assignment-9\Assignment-9\Debug\CL.read.1.tlog
C:\Users\arnavn\Documents\visual studio 2010\Projects\Assignment-9\Assignment-9\Debug\CL.write.1.tlog
C:\USERS\ARNAVN\DOCUMENTS\VISUAL STUDIO 2010\PROJECTS\ASSIGNMENT-9\ASSIGNMENT-9\DEBUG\FILEHANDLING.OBJ
C:\USERS\ARNAVN\DOCUMENTS\VISUAL STUDIO 2010\PROJECTS\ASSIGNMENT-9\ASSIGNMENT-9\DEBUG\ITEMANDRATE.OBJ
C:\USERS\ARNAVN\DOCUMENTS\VISUAL STUDIO 2010\PROJECTS\ASSIGNMENT-9\ASSIGNMENT-9\DEBUG\ITEMANDRATECHART.OBJ
C:\Users\arnavn\Documents\visual studio 2010\Projects\Assignment-9\Assignment-9\Debug\link.10964.read.1.tlog
C:\Users\arnavn\Documents\visual studio 2010\Projects\Assignment-9\Assignment-9\Debug\link.10964.write.1.tlog
C:\Users\arnavn\Documents\visual studio 2010\Projects\Assignment-9\Assignment-9\Debug\link.10964-cvtres.read.1.tlog
C:\Users\arnavn\Documents\visual studio 2010\Projects\Assignment-9\Assignment-9\Debug\link.10964-cvtres.write.1.tlog
C:\Users\arnavn\Documents\visual studio 2010\Projects\Assignment-9\Assignment-9\Debug\link.command.1.tlog
C:\Users\arnavn\Documents\visual studio 2010\Projects\Assignment-9\Assignment-9\Debug\link.read.1.tlog
C:\Users\arnavn\Documents\visual studio 2010\Projects\Assignment-9\Assignment-9\Debug\link.write.1.tlog
C:\Users\arnavn\Documents\visual studio 2010\Projects\Assignment-9\Assignment-9\Debug\link-cvtres.read.1.tlog
C:\Users\arnavn\Documents\visual studio 2010\Projects\Assignment-9\Assignment-9\Debug\link-cvtres.write.1.tlog
C:\Users\arnavn\Documents\visual studio 2010\Projects\Assignment-9\Assignment-9\Debug\mt.command.1.tlog
C:\Users\arnavn\Documents\visual studio 2010\Projects\Assignment-9\Assignment-9\Debug\mt.read.1.tlog
C:\Users\arnavn\Documents\visual studio 2010\Projects\Assignment-9\Assignment-9\Debug\mt.write.1.tlog
C:\Users\arnavn\Documents\visual studio 2010\Projects\Assignment-9\Assignment-9\Debug\rc.command.1.tlog
C:\Users\arnavn\Documents\visual studio 2010\Projects\Assignment-9\Assignment-9\Debug\rc.read.1.tlog
C:\Users\arnavn\Documents\visual studio 2010\Projects\Assignment-9\Assignment-9\Debug\rc.write.1.tlog
C:\USERS\ARNAVN\DOCUMENTS\VISUAL STUDIO 2010\PROJECTS\ASSIGNMENT-9\ASSIGNMENT-9\DEBUG\RECTANGLE.OBJ
C:\USERS\ARNAVN\DOCUMENTS\VISUAL STUDIO 2010\PROJECTS\ASSIGNMENT-9\ASSIGNMENT-9\DEBUG\SHAPE.OBJ
C:\USERS\ARNAVN\DOCUMENTS\VISUAL STUDIO 2010\PROJECTS\ASSIGNMENT-9\ASSIGNMENT-9\DEBUG\SHAPESINALAYOUT.OBJ
C:\USERS\ARNAVN\DOCUMENTS\VISUAL STUDIO 2010\PROJECTS\ASSIGNMENT-9\ASSIGNMENT-9\DEBUG\STDAFX.OBJ
C:\USERS\ARNAVN\DOCUMENTS\VISUAL STUDIO 2010\PROJECTS\ASSIGNMENT-9\ASSIGNMENT-9\DEBUG\TRIANGLE.OBJ
C:\USERS\ARNAVN\DOCUMENTS\VISUAL STUDIO 2010\PROJECTS\ASSIGNMENT-9\ASSIGNMENT-9\DEBUG\USERINTERFACE.OBJ
C:\Users\arnavn\Documents\visual studio 2010\Projects\Assignment-9\Assignment-9\Debug\vc100.idb
C:\USERS\ARNAVN\DOCUMENTS\VISUAL STUDIO 2010\PROJECTS\ASSIGNMENT-9\ASSIGNMENT-9\DEBUG\VC100.PDB
C:\USERS\ARNAVN\DOCUMENTS\VISUAL STUDIO 2010\PROJECTS\ASSIGNMENT-9\DEBUG\ASSIGNMENT-9.EXE
C:\USERS\ARNAVN\DOCUMENTS\VISUAL STUDIO 2010\PROJECTS\ASSIGNMENT-9\DEBUG\ASSIGNMENT-9.ILK
C:\USERS\ARNAVN\DOCUMENTS\VISUAL STUDIO 2010\PROJECTS\ASSIGNMENT-9\DEBUG\ASSIGNMENT-9.PDB
